This is pdfTeX, Version 3.14159265-2.6-1.40.20 (TeX Live 2019) (preloaded format=pdflatex 2019.11.6)  12 NOV 2019 23:16
entering extended mode
 restricted \write18 enabled.
 %&-line parsing enabled.
**MD_Final.tex
(./MD_Final.tex
LaTeX2e <2019-10-01> patch level 1
(/Users/alistairgj/Library/TinyTeX/texmf-dist/tex/latex/base/article.cls
Document Class: article 2019/08/27 v1.4j Standard LaTeX document class
(/Users/alistairgj/Library/TinyTeX/texmf-dist/tex/latex/base/size11.clo
File: size11.clo 2019/08/27 v1.4j Standard LaTeX file (size option)
)
\c@part=\count80
\c@section=\count81
\c@subsection=\count82
\c@subsubsection=\count83
\c@paragraph=\count84
\c@subparagraph=\count85
\c@figure=\count86
\c@table=\count87
\abovecaptionskip=\skip41
\belowcaptionskip=\skip42
\bibindent=\dimen102
) (/Users/alistairgj/Library/TinyTeX/texmf-dist/tex/latex/lm/lmodern.sty
Package: lmodern 2009/10/30 v1.6 Latin Modern Fonts
LaTeX Font Info:    Overwriting symbol font `operators' in version `normal'
(Font)                  OT1/cmr/m/n --> OT1/lmr/m/n on input line 22.
LaTeX Font Info:    Overwriting symbol font `letters' in version `normal'
(Font)                  OML/cmm/m/it --> OML/lmm/m/it on input line 23.
LaTeX Font Info:    Overwriting symbol font `symbols' in version `normal'
(Font)                  OMS/cmsy/m/n --> OMS/lmsy/m/n on input line 24.
LaTeX Font Info:    Overwriting symbol font `largesymbols' in version `normal'
(Font)                  OMX/cmex/m/n --> OMX/lmex/m/n on input line 25.
LaTeX Font Info:    Overwriting symbol font `operators' in version `bold'
(Font)                  OT1/cmr/bx/n --> OT1/lmr/bx/n on input line 26.
LaTeX Font Info:    Overwriting symbol font `letters' in version `bold'
(Font)                  OML/cmm/b/it --> OML/lmm/b/it on input line 27.
LaTeX Font Info:    Overwriting symbol font `symbols' in version `bold'
(Font)                  OMS/cmsy/b/n --> OMS/lmsy/b/n on input line 28.
LaTeX Font Info:    Overwriting symbol font `largesymbols' in version `bold'
(Font)                  OMX/cmex/m/n --> OMX/lmex/m/n on input line 29.
LaTeX Font Info:    Overwriting math alphabet `\mathbf' in version `normal'
(Font)                  OT1/cmr/bx/n --> OT1/lmr/bx/n on input line 31.
LaTeX Font Info:    Overwriting math alphabet `\mathsf' in version `normal'
(Font)                  OT1/cmss/m/n --> OT1/lmss/m/n on input line 32.
LaTeX Font Info:    Overwriting math alphabet `\mathit' in version `normal'
(Font)                  OT1/cmr/m/it --> OT1/lmr/m/it on input line 33.
LaTeX Font Info:    Overwriting math alphabet `\mathtt' in version `normal'
(Font)                  OT1/cmtt/m/n --> OT1/lmtt/m/n on input line 34.
LaTeX Font Info:    Overwriting math alphabet `\mathbf' in version `bold'
(Font)                  OT1/cmr/bx/n --> OT1/lmr/bx/n on input line 35.
LaTeX Font Info:    Overwriting math alphabet `\mathsf' in version `bold'
(Font)                  OT1/cmss/bx/n --> OT1/lmss/bx/n on input line 36.
LaTeX Font Info:    Overwriting math alphabet `\mathit' in version `bold'
(Font)                  OT1/cmr/bx/it --> OT1/lmr/bx/it on input line 37.
LaTeX Font Info:    Overwriting math alphabet `\mathtt' in version `bold'
(Font)                  OT1/cmtt/m/n --> OT1/lmtt/m/n on input line 38.
) (/Users/alistairgj/Library/TinyTeX/texmf-dist/tex/latex/amsfonts/amssymb.sty
Package: amssymb 2013/01/14 v3.01 AMS font symbols
(/Users/alistairgj/Library/TinyTeX/texmf-dist/tex/latex/amsfonts/amsfonts.sty
Package: amsfonts 2013/01/14 v3.01 Basic AMSFonts support
\@emptytoks=\toks14
\symAMSa=\mathgroup4
\symAMSb=\mathgroup5
LaTeX Font Info:    Redeclaring math symbol \hbar on input line 98.
LaTeX Font Info:    Overwriting math alphabet `\mathfrak' in version `bold'
(Font)                  U/euf/m/n --> U/euf/b/n on input line 106.
)) (/Users/alistairgj/Library/TinyTeX/texmf-dist/tex/latex/amsmath/amsmath.sty
Package: amsmath 2019/04/01 v2.17c AMS math features
\@mathmargin=\skip43
For additional information on amsmath, use the `?' option.
(/Users/alistairgj/Library/TinyTeX/texmf-dist/tex/latex/amsmath/amstext.sty
Package: amstext 2000/06/29 v2.01 AMS text
(/Users/alistairgj/Library/TinyTeX/texmf-dist/tex/latex/amsmath/amsgen.sty
File: amsgen.sty 1999/11/30 v2.0 generic functions
\@emptytoks=\toks15
\ex@=\dimen103
)) (/Users/alistairgj/Library/TinyTeX/texmf-dist/tex/latex/amsmath/amsbsy.sty
Package: amsbsy 1999/11/29 v1.2d Bold Symbols
\pmbraise@=\dimen104
) (/Users/alistairgj/Library/TinyTeX/texmf-dist/tex/latex/amsmath/amsopn.sty
Package: amsopn 2016/03/08 v2.02 operator names
)
\inf@bad=\count88
LaTeX Info: Redefining \frac on input line 227.
\uproot@=\count89
\leftroot@=\count90
LaTeX Info: Redefining \overline on input line 389.
\classnum@=\count91
\DOTSCASE@=\count92
LaTeX Info: Redefining \ldots on input line 486.
LaTeX Info: Redefining \dots on input line 489.
LaTeX Info: Redefining \cdots on input line 610.
\Mathstrutbox@=\box27
\strutbox@=\box28
\big@size=\dimen105
LaTeX Font Info:    Redeclaring font encoding OML on input line 733.
LaTeX Font Info:    Redeclaring font encoding OMS on input line 734.
\macc@depth=\count93
\c@MaxMatrixCols=\count94
\dotsspace@=\muskip10
\c@parentequation=\count95
\dspbrk@lvl=\count96
\tag@help=\toks16
\row@=\count97
\column@=\count98
\maxfields@=\count99
\andhelp@=\toks17
\eqnshift@=\dimen106
\alignsep@=\dimen107
\tagshift@=\dimen108
\tagwidth@=\dimen109
\totwidth@=\dimen110
\lineht@=\dimen111
\@envbody=\toks18
\multlinegap=\skip44
\multlinetaggap=\skip45
\mathdisplay@stack=\toks19
LaTeX Info: Redefining \[ on input line 2855.
LaTeX Info: Redefining \] on input line 2856.
) (/Users/alistairgj/Library/TinyTeX/texmf-dist/tex/generic/iftex/ifxetex.sty
Package: ifxetex 2019/10/25 v0.7 ifxetex legacy package. Use iftex instead.
(/Users/alistairgj/Library/TinyTeX/texmf-dist/tex/generic/iftex/iftex.sty
Package: iftex 2019/11/04 v1.0b TeX engine tests
)) (/Users/alistairgj/Library/TinyTeX/texmf-dist/tex/generic/iftex/ifluatex.sty
Package: ifluatex 2019/10/25 v1.5 ifluatex legacy package. Use iftex instead.
) (/Users/alistairgj/Library/TinyTeX/texmf-dist/tex/latex/base/fixltx2e.sty
Package: fixltx2e 2016/12/29 v2.1a fixes to LaTeX (obsolete)
Applying: [2015/01/01] Old fixltx2e package on input line 46.

Package fixltx2e Warning: fixltx2e is not required with releases after 2015
(fixltx2e)                All fixes are now in the LaTeX kernel.
(fixltx2e)                See the latexrelease package for details.

Already applied: [0000/00/00] Old fixltx2e package on input line 53.
) (/Users/alistairgj/Library/TinyTeX/texmf-dist/tex/latex/base/fontenc.sty
Package: fontenc 2018/08/11 v2.0j Standard LaTeX package
(/Users/alistairgj/Library/TinyTeX/texmf-dist/tex/latex/base/t1enc.def
File: t1enc.def 2018/08/11 v2.0j Standard LaTeX file
LaTeX Font Info:    Redeclaring font encoding T1 on input line 48.
)) (/Users/alistairgj/Library/TinyTeX/texmf-dist/tex/latex/base/inputenc.sty
Package: inputenc 2018/08/11 v1.3c Input encoding file
\inpenc@prehook=\toks20
\inpenc@posthook=\toks21
) (/Users/alistairgj/Library/TinyTeX/texmf-dist/tex/latex/upquote/upquote.sty
Package: upquote 2012/04/19 v1.3 upright-quote and grave-accent glyphs in verba
tim
(/Users/alistairgj/Library/TinyTeX/texmf-dist/tex/latex/base/textcomp.sty
Package: textcomp 2018/08/11 v2.0j Standard LaTeX package
Package textcomp Info: Sub-encoding information:
(textcomp)               5 = only ISO-Adobe without \textcurrency
(textcomp)               4 = 5 + \texteuro
(textcomp)               3 = 4 + \textohm
(textcomp)               2 = 3 + \textestimated + \textcurrency
(textcomp)               1 = TS1 - \textcircled - \t
(textcomp)               0 = TS1 (full)
(textcomp)             Font families with sub-encoding setting implement
(textcomp)             only a restricted character set as indicated.
(textcomp)             Family '?' is the default used for unknown fonts.
(textcomp)             See the documentation for details.
Package textcomp Info: Setting ? sub-encoding to TS1/1 on input line 79.
(/Users/alistairgj/Library/TinyTeX/texmf-dist/tex/latex/base/ts1enc.def
File: ts1enc.def 2001/06/05 v3.0e (jk/car/fm) Standard LaTeX file
Now handling font encoding TS1 ...
... processing UTF-8 mapping file for font encoding TS1
(/Users/alistairgj/Library/TinyTeX/texmf-dist/tex/latex/base/ts1enc.dfu
File: ts1enc.dfu 2019/07/11 v1.2j UTF-8 support for inputenc
   defining Unicode char U+00A2 (decimal 162)
   defining Unicode char U+00A3 (decimal 163)
   defining Unicode char U+00A4 (decimal 164)
   defining Unicode char U+00A5 (decimal 165)
   defining Unicode char U+00A6 (decimal 166)
   defining Unicode char U+00A7 (decimal 167)
   defining Unicode char U+00A8 (decimal 168)
   defining Unicode char U+00A9 (decimal 169)
   defining Unicode char U+00AA (decimal 170)
   defining Unicode char U+00AC (decimal 172)
   defining Unicode char U+00AE (decimal 174)
   defining Unicode char U+00AF (decimal 175)
   defining Unicode char U+00B0 (decimal 176)
   defining Unicode char U+00B1 (decimal 177)
   defining Unicode char U+00B2 (decimal 178)
   defining Unicode char U+00B3 (decimal 179)
   defining Unicode char U+00B4 (decimal 180)
   defining Unicode char U+00B5 (decimal 181)
   defining Unicode char U+00B6 (decimal 182)
   defining Unicode char U+00B7 (decimal 183)
   defining Unicode char U+00B9 (decimal 185)
   defining Unicode char U+00BA (decimal 186)
   defining Unicode char U+00BC (decimal 188)
   defining Unicode char U+00BD (decimal 189)
   defining Unicode char U+00BE (decimal 190)
   defining Unicode char U+00D7 (decimal 215)
   defining Unicode char U+00F7 (decimal 247)
   defining Unicode char U+0192 (decimal 402)
   defining Unicode char U+02C7 (decimal 711)
   defining Unicode char U+02D8 (decimal 728)
   defining Unicode char U+02DD (decimal 733)
   defining Unicode char U+0E3F (decimal 3647)
   defining Unicode char U+2016 (decimal 8214)
   defining Unicode char U+2020 (decimal 8224)
   defining Unicode char U+2021 (decimal 8225)
   defining Unicode char U+2022 (decimal 8226)
   defining Unicode char U+2030 (decimal 8240)
   defining Unicode char U+2031 (decimal 8241)
   defining Unicode char U+203B (decimal 8251)
   defining Unicode char U+203D (decimal 8253)
   defining Unicode char U+2044 (decimal 8260)
   defining Unicode char U+204E (decimal 8270)
   defining Unicode char U+2052 (decimal 8274)
   defining Unicode char U+20A1 (decimal 8353)
   defining Unicode char U+20A4 (decimal 8356)
   defining Unicode char U+20A6 (decimal 8358)
   defining Unicode char U+20A9 (decimal 8361)
   defining Unicode char U+20AB (decimal 8363)
   defining Unicode char U+20AC (decimal 8364)
   defining Unicode char U+20B1 (decimal 8369)
   defining Unicode char U+2103 (decimal 8451)
   defining Unicode char U+2116 (decimal 8470)
   defining Unicode char U+2117 (decimal 8471)
   defining Unicode char U+211E (decimal 8478)
   defining Unicode char U+2120 (decimal 8480)
   defining Unicode char U+2122 (decimal 8482)
   defining Unicode char U+2126 (decimal 8486)
   defining Unicode char U+2127 (decimal 8487)
   defining Unicode char U+212E (decimal 8494)
   defining Unicode char U+2190 (decimal 8592)
   defining Unicode char U+2191 (decimal 8593)
   defining Unicode char U+2192 (decimal 8594)
   defining Unicode char U+2193 (decimal 8595)
   defining Unicode char U+2329 (decimal 9001)
   defining Unicode char U+232A (decimal 9002)
   defining Unicode char U+2422 (decimal 9250)
   defining Unicode char U+25E6 (decimal 9702)
   defining Unicode char U+25EF (decimal 9711)
   defining Unicode char U+266A (decimal 9834)
   defining Unicode char U+27E8 (decimal 10216)
   defining Unicode char U+27E9 (decimal 10217)
   defining Unicode char U+FEFF (decimal 65279)
))
LaTeX Info: Redefining \oldstylenums on input line 334.
Package textcomp Info: Setting cmr sub-encoding to TS1/0 on input line 349.
Package textcomp Info: Setting cmss sub-encoding to TS1/0 on input line 350.
Package textcomp Info: Setting cmtt sub-encoding to TS1/0 on input line 351.
Package textcomp Info: Setting cmvtt sub-encoding to TS1/0 on input line 352.
Package textcomp Info: Setting cmbr sub-encoding to TS1/0 on input line 353.
Package textcomp Info: Setting cmtl sub-encoding to TS1/0 on input line 354.
Package textcomp Info: Setting ccr sub-encoding to TS1/0 on input line 355.
Package textcomp Info: Setting ptm sub-encoding to TS1/4 on input line 356.
Package textcomp Info: Setting pcr sub-encoding to TS1/4 on input line 357.
Package textcomp Info: Setting phv sub-encoding to TS1/4 on input line 358.
Package textcomp Info: Setting ppl sub-encoding to TS1/3 on input line 359.
Package textcomp Info: Setting pag sub-encoding to TS1/4 on input line 360.
Package textcomp Info: Setting pbk sub-encoding to TS1/4 on input line 361.
Package textcomp Info: Setting pnc sub-encoding to TS1/4 on input line 362.
Package textcomp Info: Setting pzc sub-encoding to TS1/4 on input line 363.
Package textcomp Info: Setting bch sub-encoding to TS1/4 on input line 364.
Package textcomp Info: Setting put sub-encoding to TS1/5 on input line 365.
Package textcomp Info: Setting uag sub-encoding to TS1/5 on input line 366.
Package textcomp Info: Setting ugq sub-encoding to TS1/5 on input line 367.
Package textcomp Info: Setting ul8 sub-encoding to TS1/4 on input line 368.
Package textcomp Info: Setting ul9 sub-encoding to TS1/4 on input line 369.
Package textcomp Info: Setting augie sub-encoding to TS1/5 on input line 370.
Package textcomp Info: Setting dayrom sub-encoding to TS1/3 on input line 371.
Package textcomp Info: Setting dayroms sub-encoding to TS1/3 on input line 372.

Package textcomp Info: Setting pxr sub-encoding to TS1/0 on input line 373.
Package textcomp Info: Setting pxss sub-encoding to TS1/0 on input line 374.
Package textcomp Info: Setting pxtt sub-encoding to TS1/0 on input line 375.
Package textcomp Info: Setting txr sub-encoding to TS1/0 on input line 376.
Package textcomp Info: Setting txss sub-encoding to TS1/0 on input line 377.
Package textcomp Info: Setting txtt sub-encoding to TS1/0 on input line 378.
Package textcomp Info: Setting lmr sub-encoding to TS1/0 on input line 379.
Package textcomp Info: Setting lmdh sub-encoding to TS1/0 on input line 380.
Package textcomp Info: Setting lmss sub-encoding to TS1/0 on input line 381.
Package textcomp Info: Setting lmssq sub-encoding to TS1/0 on input line 382.
Package textcomp Info: Setting lmvtt sub-encoding to TS1/0 on input line 383.
Package textcomp Info: Setting lmtt sub-encoding to TS1/0 on input line 384.
Package textcomp Info: Setting qhv sub-encoding to TS1/0 on input line 385.
Package textcomp Info: Setting qag sub-encoding to TS1/0 on input line 386.
Package textcomp Info: Setting qbk sub-encoding to TS1/0 on input line 387.
Package textcomp Info: Setting qcr sub-encoding to TS1/0 on input line 388.
Package textcomp Info: Setting qcs sub-encoding to TS1/0 on input line 389.
Package textcomp Info: Setting qpl sub-encoding to TS1/0 on input line 390.
Package textcomp Info: Setting qtm sub-encoding to TS1/0 on input line 391.
Package textcomp Info: Setting qzc sub-encoding to TS1/0 on input line 392.
Package textcomp Info: Setting qhvc sub-encoding to TS1/0 on input line 393.
Package textcomp Info: Setting futs sub-encoding to TS1/4 on input line 394.
Package textcomp Info: Setting futx sub-encoding to TS1/4 on input line 395.
Package textcomp Info: Setting futj sub-encoding to TS1/4 on input line 396.
Package textcomp Info: Setting hlh sub-encoding to TS1/3 on input line 397.
Package textcomp Info: Setting hls sub-encoding to TS1/3 on input line 398.
Package textcomp Info: Setting hlst sub-encoding to TS1/3 on input line 399.
Package textcomp Info: Setting hlct sub-encoding to TS1/5 on input line 400.
Package textcomp Info: Setting hlx sub-encoding to TS1/5 on input line 401.
Package textcomp Info: Setting hlce sub-encoding to TS1/5 on input line 402.
Package textcomp Info: Setting hlcn sub-encoding to TS1/5 on input line 403.
Package textcomp Info: Setting hlcw sub-encoding to TS1/5 on input line 404.
Package textcomp Info: Setting hlcf sub-encoding to TS1/5 on input line 405.
Package textcomp Info: Setting pplx sub-encoding to TS1/3 on input line 406.
Package textcomp Info: Setting pplj sub-encoding to TS1/3 on input line 407.
Package textcomp Info: Setting ptmx sub-encoding to TS1/4 on input line 408.
Package textcomp Info: Setting ptmj sub-encoding to TS1/4 on input line 409.
)) (/Users/alistairgj/Library/TinyTeX/texmf-dist/tex/latex/geometry/geometry.st
y
Package: geometry 2018/04/16 v5.8 Page Geometry
(/Users/alistairgj/Library/TinyTeX/texmf-dist/tex/latex/graphics/keyval.sty
Package: keyval 2014/10/28 v1.15 key=value parser (DPC)
\KV@toks@=\toks22
) (/Users/alistairgj/Library/TinyTeX/texmf-dist/tex/generic/iftex/ifpdf.sty
Package: ifpdf 2019/10/25 v3.4 ifpdf legacy package. Use iftex instead.
) (/Users/alistairgj/Library/TinyTeX/texmf-dist/tex/generic/iftex/ifvtex.sty
Package: ifvtex 2019/10/25 v1.7 ifvtex legacy package. Use iftex instead.
)
\Gm@cnth=\count100
\Gm@cntv=\count101
\c@Gm@tempcnt=\count102
\Gm@bindingoffset=\dimen112
\Gm@wd@mp=\dimen113
\Gm@odd@mp=\dimen114
\Gm@even@mp=\dimen115
\Gm@layoutwidth=\dimen116
\Gm@layoutheight=\dimen117
\Gm@layouthoffset=\dimen118
\Gm@layoutvoffset=\dimen119
\Gm@dimlist=\toks23
) (/Users/alistairgj/Library/TinyTeX/texmf-dist/tex/latex/hyperref/hyperref.sty
Package: hyperref 2019/09/28 v7.00a Hypertext links for LaTeX

(/Users/alistairgj/Library/TinyTeX/texmf-dist/tex/generic/oberdiek/hobsub-hyper
ref.sty
Package: hobsub-hyperref 2019/10/27
hobsub not currently supported, see hobsub.dtx to extract original code
(/Users/alistairgj/Library/TinyTeX/texmf-dist/tex/generic/oberdiek/ltxcmds.sty
Package: ltxcmds 2016/05/16 v1.23 LaTeX kernel commands for general use (HO)
)
(/Users/alistairgj/Library/TinyTeX/texmf-dist/tex/generic/oberdiek/pdftexcmds.s
ty
Package: pdftexcmds 2019/07/25 v0.30 Utility functions of pdfTeX for LuaTeX (HO
)

(/Users/alistairgj/Library/TinyTeX/texmf-dist/tex/generic/oberdiek/infwarerr.st
y
Package: infwarerr 2016/05/16 v1.4 Providing info/warning/error messages (HO)
)
Package pdftexcmds Info: LuaTeX not detected.
Package pdftexcmds Info: \pdf@primitive is available.
Package pdftexcmds Info: \pdf@ifprimitive is available.
Package pdftexcmds Info: \pdfdraftmode found.
)
(/Users/alistairgj/Library/TinyTeX/texmf-dist/tex/generic/oberdiek/kvsetkeys.st
y
Package: kvsetkeys 2016/05/16 v1.17 Key value parser (HO)

(/Users/alistairgj/Library/TinyTeX/texmf-dist/tex/generic/oberdiek/etexcmds.sty
Package: etexcmds 2016/05/16 v1.6 Avoid name clashes with e-TeX commands (HO)
))
(/Users/alistairgj/Library/TinyTeX/texmf-dist/tex/generic/oberdiek/kvdefinekeys
.sty
Package: kvdefinekeys 2016/05/16 v1.4 Define keys (HO)
)
(/Users/alistairgj/Library/TinyTeX/texmf-dist/tex/generic/oberdiek/pdfescape.st
y
Package: pdfescape 2016/05/16 v1.14 Implements pdfTeX's escape features (HO)
) (/Users/alistairgj/Library/TinyTeX/texmf-dist/tex/latex/oberdiek/hycolor.sty
Package: hycolor 2016/05/16 v1.8 Color options for hyperref/bookmark (HO)

(/Users/alistairgj/Library/TinyTeX/texmf-dist/tex/latex/oberdiek/xcolor-patch.s
ty
Package: xcolor-patch 2016/05/16 xcolor patch
(/Users/alistairgj/Library/TinyTeX/texmf-dist/tex/latex/oberdiek/hopatch.sty
Package: hopatch 2016/05/16 v1.3 Wrapper for package hooks (HO)
)))
(/Users/alistairgj/Library/TinyTeX/texmf-dist/tex/latex/oberdiek/letltxmacro.st
y
Package: letltxmacro 2016/05/16 v1.5 Let assignment for LaTeX macros (HO)
)) (/Users/alistairgj/Library/TinyTeX/texmf-dist/tex/latex/oberdiek/auxhook.sty
Package: auxhook 2016/05/16 v1.4 Hooks for auxiliary files (HO)
) (/Users/alistairgj/Library/TinyTeX/texmf-dist/tex/latex/oberdiek/kvoptions.st
y
Package: kvoptions 2016/05/16 v3.12 Key value format for package options (HO)
)
\@linkdim=\dimen120
\Hy@linkcounter=\count103
\Hy@pagecounter=\count104
(/Users/alistairgj/Library/TinyTeX/texmf-dist/tex/latex/hyperref/pd1enc.def
File: pd1enc.def 2019/09/28 v7.00a Hyperref: PDFDocEncoding definition (HO)
Now handling font encoding PD1 ...
... no UTF-8 mapping file for font encoding PD1
) (/Users/alistairgj/Library/TinyTeX/texmf-dist/tex/generic/oberdiek/intcalc.st
y
Package: intcalc 2016/05/16 v1.2 Expandable calculations with integers (HO)
)
\Hy@SavedSpaceFactor=\count105

(/Users/alistairgj/Library/TinyTeX/texmf-dist/tex/latex/latexconfig/hyperref.cf
g
File: hyperref.cfg 2002/06/06 v1.2 hyperref configuration of TeXLive
)
Package hyperref Info: Hyper figures OFF on input line 4540.
Package hyperref Info: Link nesting OFF on input line 4545.
Package hyperref Info: Hyper index ON on input line 4548.
Package hyperref Info: Plain pages OFF on input line 4555.
Package hyperref Info: Backreferencing OFF on input line 4560.
Package hyperref Info: Implicit mode ON; LaTeX internals redefined.
Package hyperref Info: Bookmarks ON on input line 4793.
\c@Hy@tempcnt=\count106
(/Users/alistairgj/Library/TinyTeX/texmf-dist/tex/latex/url/url.sty
\Urlmuskip=\muskip11
Package: url 2013/09/16  ver 3.4  Verb mode for urls, etc.
)
LaTeX Info: Redefining \url on input line 5152.
\XeTeXLinkMargin=\dimen121
(/Users/alistairgj/Library/TinyTeX/texmf-dist/tex/generic/oberdiek/bitset.sty
Package: bitset 2016/05/16 v1.2 Handle bit-vector datatype (HO)

(/Users/alistairgj/Library/TinyTeX/texmf-dist/tex/generic/oberdiek/bigintcalc.s
ty
Package: bigintcalc 2016/05/16 v1.4 Expandable calculations on big integers (HO
)
))
\Fld@menulength=\count107
\Field@Width=\dimen122
\Fld@charsize=\dimen123
Package hyperref Info: Hyper figures OFF on input line 6423.
Package hyperref Info: Link nesting OFF on input line 6428.
Package hyperref Info: Hyper index ON on input line 6431.
Package hyperref Info: backreferencing OFF on input line 6438.
Package hyperref Info: Link coloring OFF on input line 6443.
Package hyperref Info: Link coloring with OCG OFF on input line 6448.
Package hyperref Info: PDF/A mode OFF on input line 6453.
LaTeX Info: Redefining \ref on input line 6493.
LaTeX Info: Redefining \pageref on input line 6497.

(/Users/alistairgj/Library/TinyTeX/texmf-dist/tex/generic/oberdiek/atbegshi.sty
Package: atbegshi 2016/06/09 v1.18 At begin shipout hook (HO)
)
\Hy@abspage=\count108
\c@Item=\count109
\c@Hfootnote=\count110
)
Package hyperref Info: Driver (autodetected): hpdftex.
(/Users/alistairgj/Library/TinyTeX/texmf-dist/tex/latex/hyperref/hpdftex.def
File: hpdftex.def 2019/09/28 v7.00a Hyperref driver for pdfTeX
(/Users/alistairgj/Library/TinyTeX/texmf-dist/tex/latex/oberdiek/atveryend.sty
Package: atveryend 2016/05/16 v1.9 Hooks at the very end of document (HO)
Package atveryend Info: \enddocument detected (standard20110627).
)
\Fld@listcount=\count111
\c@bookmark@seq@number=\count112

(/Users/alistairgj/Library/TinyTeX/texmf-dist/tex/latex/oberdiek/rerunfilecheck
.sty
Package: rerunfilecheck 2016/05/16 v1.8 Rerun checks for auxiliary files (HO)

(/Users/alistairgj/Library/TinyTeX/texmf-dist/tex/generic/oberdiek/uniquecounte
r.sty
Package: uniquecounter 2016/05/16 v1.3 Provide unlimited unique counter (HO)
)
Package uniquecounter Info: New unique counter `rerunfilecheck' on input line 2
82.
)
\Hy@SectionHShift=\skip46
)
Package hyperref Info: Option `unicode' set `true' on input line 30.
(/Users/alistairgj/Library/TinyTeX/texmf-dist/tex/latex/hyperref/puenc.def
File: puenc.def 2019/09/28 v7.00a Hyperref: PDF Unicode definition (HO)
Now handling font encoding PU ...
... no UTF-8 mapping file for font encoding PU
)
Package hyperref Info: Option `breaklinks' set `true' on input line 30.
(/Users/alistairgj/Library/TinyTeX/texmf-dist/tex/latex/graphics/color.sty
Package: color 2016/07/10 v1.1e Standard LaTeX Color (DPC)
(/Users/alistairgj/Library/TinyTeX/texmf-dist/tex/latex/graphics-cfg/color.cfg
File: color.cfg 2016/01/02 v1.6 sample color configuration
)
Package color Info: Driver file: pdftex.def on input line 147.

(/Users/alistairgj/Library/TinyTeX/texmf-dist/tex/latex/graphics-def/pdftex.def
File: pdftex.def 2018/01/08 v1.0l Graphics/color driver for pdftex
)) (/Users/alistairgj/Library/TinyTeX/texmf-dist/tex/latex/fancyvrb/fancyvrb.st
y
Package: fancyvrb 2019/10/22
Style option: `fancyvrb' v3.3 <2019/10/22> (tvz)
\FV@CodeLineNo=\count113
\FV@InFile=\read1
\FV@TabBox=\box29
\c@FancyVerbLine=\count114
\FV@StepNumber=\count115
\FV@OutFile=\write3
) (/Users/alistairgj/Library/TinyTeX/texmf-dist/tex/latex/framed/framed.sty
Package: framed 2011/10/22 v 0.96: framed or shaded text with page breaks
\OuterFrameSep=\skip47
\fb@frw=\dimen124
\fb@frh=\dimen125
\FrameRule=\dimen126
\FrameSep=\dimen127
) (/Users/alistairgj/Library/TinyTeX/texmf-dist/tex/latex/graphics/graphicx.sty
Package: graphicx 2017/06/01 v1.1a Enhanced LaTeX Graphics (DPC,SPQR)
(/Users/alistairgj/Library/TinyTeX/texmf-dist/tex/latex/graphics/graphics.sty
Package: graphics 2019/10/08 v1.3c Standard LaTeX Graphics (DPC,SPQR)
(/Users/alistairgj/Library/TinyTeX/texmf-dist/tex/latex/graphics/trig.sty
Package: trig 2016/01/03 v1.10 sin cos tan (DPC)
)
(/Users/alistairgj/Library/TinyTeX/texmf-dist/tex/latex/graphics-cfg/graphics.c
fg
File: graphics.cfg 2016/06/04 v1.11 sample graphics configuration
)
Package graphics Info: Driver file: pdftex.def on input line 105.
)
\Gin@req@height=\dimen128
\Gin@req@width=\dimen129
) (/Users/alistairgj/Library/TinyTeX/texmf-dist/tex/latex/oberdiek/grffile.sty
Package: grffile 2017/06/30 v1.18 Extended file name support for graphics (HO)
Package grffile Info: Option `multidot' is set to `true'.
Package grffile Info: Option `extendedchars' is set to `false'.
Package grffile Info: Option `space' is set to `true'.
Package grffile Info: \Gin@ii of package `graphicx' fixed on input line 494.
) (/Users/alistairgj/Library/TinyTeX/texmf-dist/tex/latex/titling/titling.sty
Package: titling 2009/09/04 v2.1d maketitle typesetting
\thanksmarkwidth=\skip48
\thanksmargin=\skip49
\droptitle=\skip50
) (/Users/alistairgj/Library/TinyTeX/texmf-dist/tex/latex/booktabs/booktabs.sty
Package: booktabs 2019/10/08 v1.6180339 publication quality tables
\heavyrulewidth=\dimen130
\lightrulewidth=\dimen131
\cmidrulewidth=\dimen132
\belowrulesep=\dimen133
\belowbottomsep=\dimen134
\aboverulesep=\dimen135
\abovetopsep=\dimen136
\cmidrulesep=\dimen137
\cmidrulekern=\dimen138
\defaultaddspace=\dimen139
\@cmidla=\count116
\@cmidlb=\count117
\@aboverulesep=\dimen140
\@belowrulesep=\dimen141
\@thisruleclass=\count118
\@lastruleclass=\count119
\@thisrulewidth=\dimen142
) (/Users/alistairgj/Library/TinyTeX/texmf-dist/tex/latex/tools/longtable.sty
Package: longtable 2019/02/06 v4.12 Multi-page Table package (DPC)
\LTleft=\skip51
\LTright=\skip52
\LTpre=\skip53
\LTpost=\skip54
\LTchunksize=\count120
\LTcapwidth=\dimen143
\LT@head=\box30
\LT@firsthead=\box31
\LT@foot=\box32
\LT@lastfoot=\box33
\LT@cols=\count121
\LT@rows=\count122
\c@LT@tables=\count123
\c@LT@chunks=\count124
\LT@p@ftn=\toks24
) (/Users/alistairgj/Library/TinyTeX/texmf-dist/tex/latex/tools/array.sty
Package: array 2019/08/31 v2.4l Tabular extension package (FMi)
\col@sep=\dimen144
\ar@mcellbox=\box34
\extrarowheight=\dimen145
\NC@list=\toks25
\extratabsurround=\skip55
\backup@length=\skip56
\ar@cellbox=\box35
) (/Users/alistairgj/Library/TinyTeX/texmf-dist/tex/latex/multirow/multirow.sty
Package: multirow 2019/05/31 v2.5 Span multiple rows of a table
\multirow@colwidth=\skip57
\multirow@cntb=\count125
\multirow@dima=\skip58
\bigstrutjot=\dimen146
) (/Users/alistairgj/Library/TinyTeX/texmf-dist/tex/latex/xcolor/xcolor.sty
Package: xcolor 2016/05/11 v2.12 LaTeX color extensions (UK)
(/Users/alistairgj/Library/TinyTeX/texmf-dist/tex/latex/graphics-cfg/color.cfg
File: color.cfg 2016/01/02 v1.6 sample color configuration
)
Package xcolor Info: Driver file: pdftex.def on input line 225.
(/Users/alistairgj/Library/TinyTeX/texmf-dist/tex/latex/colortbl/colortbl.sty
Package: colortbl 2018/12/12 v1.0d Color table columns (DPC)
\everycr=\toks26
\minrowclearance=\skip59
)
LaTeX Info: Redefining \color on input line 709.
\rownum=\count126
Package xcolor Info: Model `cmy' substituted by `cmy0' on input line 1348.
Package xcolor Info: Model `hsb' substituted by `rgb' on input line 1352.
Package xcolor Info: Model `RGB' extended on input line 1364.
Package xcolor Info: Model `HTML' substituted by `rgb' on input line 1366.
Package xcolor Info: Model `Hsb' substituted by `hsb' on input line 1367.
Package xcolor Info: Model `tHsb' substituted by `hsb' on input line 1368.
Package xcolor Info: Model `HSB' substituted by `hsb' on input line 1369.
Package xcolor Info: Model `Gray' substituted by `gray' on input line 1370.
Package xcolor Info: Model `wave' substituted by `hsb' on input line 1371.
) (/Users/alistairgj/Library/TinyTeX/texmf-dist/tex/latex/wrapfig/wrapfig.sty
\wrapoverhang=\dimen147
\WF@size=\dimen148
\c@WF@wrappedlines=\count127
\WF@box=\box36
\WF@everypar=\toks27
Package: wrapfig 2003/01/31  v 3.6
) (/Users/alistairgj/Library/TinyTeX/texmf-dist/tex/latex/float/float.sty
Package: float 2001/11/08 v1.3d Float enhancements (AL)
\c@float@type=\count128
\float@exts=\toks28
\float@box=\box37
\@float@everytoks=\toks29
\@floatcapt=\box38
) (/Users/alistairgj/Library/TinyTeX/texmf-dist/tex/latex/oberdiek/pdflscape.st
y
Package: pdflscape 2016/05/14 v0.11 Display of landscape pages in PDF (HO)
(/Users/alistairgj/Library/TinyTeX/texmf-dist/tex/latex/graphics/lscape.sty
Package: lscape 2000/10/22 v3.01 Landscape Pages (DPC)
)
Package pdflscape Info: Auto-detected driver: pdftex on input line 81.
) (/Users/alistairgj/Library/TinyTeX/texmf-dist/tex/latex/tabu/tabu.sty
Package: tabu 2019/01/11 v2.9 - flexible LaTeX tabulars (FC+tabu-fixed)
(/Users/alistairgj/Library/TinyTeX/texmf-dist/tex/latex/varwidth/varwidth.sty
Package: varwidth 2009/03/30 ver 0.92;  Variable-width minipages
\@vwid@box=\box39
\sift@deathcycles=\count129
\@vwid@loff=\dimen149
\@vwid@roff=\dimen150
)
\c@taburow=\count130
\tabu@nbcols=\count131
\tabu@cnt=\count132
\tabu@Xcol=\count133
\tabu@alloc=\count134
\tabu@nested=\count135
\tabu@target=\dimen151
\tabu@spreadtarget=\dimen152
\tabu@naturalX=\dimen153
\tabucolX=\dimen154
\tabu@Xsum=\dimen155
\extrarowdepth=\dimen156
\abovetabulinesep=\dimen157
\belowtabulinesep=\dimen158
\tabustrutrule=\dimen159
\tabu@thebody=\toks30
\tabu@footnotes=\toks31
\tabu@box=\box40
\tabu@arstrutbox=\box41
\tabu@hleads=\box42
\tabu@vleads=\box43
\tabu@cellskip=\skip60
)
(/Users/alistairgj/Library/TinyTeX/texmf-dist/tex/latex/threeparttable/threepar
ttable.sty
Package: threeparttable 2003/06/13  v 3.0
\@tempboxb=\box44
)
(/Users/alistairgj/Library/TinyTeX/texmf-dist/tex/latex/threeparttablex/threepa
rttablex.sty
Package: threeparttablex 2013/07/23 v0.3 by daleif
(/Users/alistairgj/Library/TinyTeX/texmf-dist/tex/latex/environ/environ.sty
Package: environ 2014/05/04 v0.3 A new way to define environments

(/Users/alistairgj/Library/TinyTeX/texmf-dist/tex/latex/trimspaces/trimspaces.s
ty
Package: trimspaces 2009/09/17 v1.1 Trim spaces around a token list
))
\TPTL@width=\skip61
) (/Users/alistairgj/Library/TinyTeX/texmf-dist/tex/generic/ulem/ulem.sty
\UL@box=\box45
\UL@hyphenbox=\box46
\UL@skip=\skip62
\UL@hook=\toks32
\UL@height=\dimen160
\UL@pe=\count136
\UL@pixel=\dimen161
\ULC@box=\box47
Package: ulem 2012/05/18
\ULdepth=\dimen162
) (/Users/alistairgj/Library/TinyTeX/texmf-dist/tex/latex/makecell/makecell.sty
Package: makecell 2009/08/03 V0.1e Managing of Tab Column Heads and Cells
\rotheadsize=\dimen163
\c@nlinenum=\count137
\TeXr@lab=\toks33
) (/Users/alistairgj/Library/TinyTeX/texmf-dist/tex/latex/caption/caption.sty
Package: caption 2019/09/01 v3.3d Customizing captions (AR)
(/Users/alistairgj/Library/TinyTeX/texmf-dist/tex/latex/caption/caption3.sty
Package: caption3 2019/09/01 v1.8d caption3 kernel (AR)
Package caption3 Info: TeX engine: e-TeX on input line 64.
\captionmargin=\dimen164
\captionmargin@=\dimen165
\captionwidth=\dimen166
\caption@tempdima=\dimen167
\caption@indent=\dimen168
\caption@parindent=\dimen169
\caption@hangindent=\dimen170
)
\c@caption@flags=\count138
\c@ContinuedFloat=\count139
Package caption Info: float package is loaded.
Package caption Info: hyperref package is loaded.
Package caption Info: longtable package is loaded.
(/Users/alistairgj/Library/TinyTeX/texmf-dist/tex/latex/caption/ltcaption.sty
Package: ltcaption 2018/08/26 v1.4a longtable captions (AR)
)
Package caption Info: threeparttable package is loaded.
Package caption Info: wrapfig package is loaded.
) (/Users/alistairgj/Library/TinyTeX/texmf-dist/tex/latex/setspace/setspace.sty
Package: setspace 2011/12/19 v6.7a set line spacing
) (./MD_Final.aux)
\openout1 = `MD_Final.aux'.

LaTeX Font Info:    Checking defaults for OML/cmm/m/it on input line 145.
LaTeX Font Info:    ... okay on input line 145.
LaTeX Font Info:    Checking defaults for T1/cmr/m/n on input line 145.
LaTeX Font Info:    ... okay on input line 145.
LaTeX Font Info:    Checking defaults for OT1/cmr/m/n on input line 145.
LaTeX Font Info:    ... okay on input line 145.
LaTeX Font Info:    Checking defaults for OMS/cmsy/m/n on input line 145.
LaTeX Font Info:    ... okay on input line 145.
LaTeX Font Info:    Checking defaults for OMX/cmex/m/n on input line 145.
LaTeX Font Info:    ... okay on input line 145.
LaTeX Font Info:    Checking defaults for U/cmr/m/n on input line 145.
LaTeX Font Info:    ... okay on input line 145.
LaTeX Font Info:    Checking defaults for TS1/cmr/m/n on input line 145.
LaTeX Font Info:    Trying to load font information for TS1+cmr on input line 1
45.
(/Users/alistairgj/Library/TinyTeX/texmf-dist/tex/latex/base/ts1cmr.fd
File: ts1cmr.fd 2014/09/29 v2.5h Standard LaTeX font definitions
)
LaTeX Font Info:    ... okay on input line 145.
LaTeX Font Info:    Checking defaults for PD1/pdf/m/n on input line 145.
LaTeX Font Info:    ... okay on input line 145.
LaTeX Font Info:    Checking defaults for PU/pdf/m/n on input line 145.
LaTeX Font Info:    ... okay on input line 145.
LaTeX Font Info:    Trying to load font information for T1+lmr on input line 14
5.
(/Users/alistairgj/Library/TinyTeX/texmf-dist/tex/latex/lm/t1lmr.fd
File: t1lmr.fd 2009/10/30 v1.6 Font defs for Latin Modern
)
*geometry* driver: auto-detecting
*geometry* detected driver: pdftex
*geometry* verbose mode - [ preamble ] result:
* driver: pdftex
* paper: <default>
* layout: <same size as paper>
* layoutoffset:(h,v)=(0.0pt,0.0pt)
* modes: 
* h-part:(L,W,R)=(57.0928pt, 500.10939pt, 57.0928pt)
* v-part:(T,H,B)=(57.0928pt, 680.78438pt, 57.0928pt)
* \paperwidth=614.295pt
* \paperheight=794.96999pt
* \textwidth=500.10939pt
* \textheight=680.78438pt
* \oddsidemargin=-15.17719pt
* \evensidemargin=-15.17719pt
* \topmargin=-52.17719pt
* \headheight=12.0pt
* \headsep=25.0pt
* \topskip=11.0pt
* \footskip=30.0pt
* \marginparwidth=59.0pt
* \marginparsep=10.0pt
* \columnsep=10.0pt
* \skip\footins=10.0pt plus 4.0pt minus 2.0pt
* \hoffset=0.0pt
* \voffset=0.0pt
* \mag=1000
* \@twocolumnfalse
* \@twosidefalse
* \@mparswitchfalse
* \@reversemarginfalse
* (1in=72.27pt=25.4mm, 1cm=28.453pt)

\AtBeginShipoutBox=\box48
Package hyperref Info: Link coloring OFF on input line 145.
(/Users/alistairgj/Library/TinyTeX/texmf-dist/tex/latex/hyperref/nameref.sty
Package: nameref 2019/09/16 v2.46 Cross-referencing by name of section
(/Users/alistairgj/Library/TinyTeX/texmf-dist/tex/latex/oberdiek/refcount.sty
Package: refcount 2016/05/16 v3.5 Data extraction from label references (HO)
)
(/Users/alistairgj/Library/TinyTeX/texmf-dist/tex/generic/oberdiek/gettitlestri
ng.sty
Package: gettitlestring 2016/05/16 v1.5 Cleanup title references (HO)
)
\c@section@level=\count140
)
LaTeX Info: Redefining \ref on input line 145.
LaTeX Info: Redefining \pageref on input line 145.
LaTeX Info: Redefining \nameref on input line 145.
(./MD_Final.out) (./MD_Final.out)
\@outlinefile=\write4
\openout4 = `MD_Final.out'.


(/Users/alistairgj/Library/TinyTeX/texmf-dist/tex/latex/oberdiek/epstopdf-base.
sty
Package: epstopdf-base 2016/05/15 v2.6 Base part for package epstopdf
(/Users/alistairgj/Library/TinyTeX/texmf-dist/tex/latex/oberdiek/grfext.sty
Package: grfext 2016/05/16 v1.2 Manage graphics extensions (HO)
)
Package epstopdf-base Info: Redefining graphics rule for `.eps' on input line 4
38.
Package grfext Info: Graphics extension search list:
(grfext)             [.pdf,.png,.jpg,.mps,.jpeg,.jbig2,.jb2,.PDF,.PNG,.JPG,.JPE
G,.JBIG2,.JB2,.eps]
(grfext)             \AppendGraphicsExtensions on input line 456.

(/Users/alistairgj/Library/TinyTeX/texmf-dist/tex/latex/latexconfig/epstopdf-sy
s.cfg
File: epstopdf-sys.cfg 2010/07/13 v1.3 Configuration of (r)epstopdf for TeX Liv
e
))
Package caption Info: Begin \AtBeginDocument code.
Package caption Info: End \AtBeginDocument code.
[1

{/Users/alistairgj/Library/TinyTeX/texmf-var/fonts/map/pdftex/updmap/pdftex.map
}] (./MD_Final.toc
LaTeX Font Info:    Trying to load font information for OT1+lmr on input line 2
.
(/Users/alistairgj/Library/TinyTeX/texmf-dist/tex/latex/lm/ot1lmr.fd
File: ot1lmr.fd 2009/10/30 v1.6 Font defs for Latin Modern
)
LaTeX Font Info:    Trying to load font information for OML+lmm on input line 2
.
(/Users/alistairgj/Library/TinyTeX/texmf-dist/tex/latex/lm/omllmm.fd
File: omllmm.fd 2009/10/30 v1.6 Font defs for Latin Modern
)
LaTeX Font Info:    Trying to load font information for OMS+lmsy on input line 
2.
(/Users/alistairgj/Library/TinyTeX/texmf-dist/tex/latex/lm/omslmsy.fd
File: omslmsy.fd 2009/10/30 v1.6 Font defs for Latin Modern
)
LaTeX Font Info:    Trying to load font information for OMX+lmex on input line 
2.
(/Users/alistairgj/Library/TinyTeX/texmf-dist/tex/latex/lm/omxlmex.fd
File: omxlmex.fd 2009/10/30 v1.6 Font defs for Latin Modern
)
LaTeX Font Info:    External font `lmex10' loaded for size
(Font)              <10.95> on input line 2.
LaTeX Font Info:    External font `lmex10' loaded for size
(Font)              <8> on input line 2.
LaTeX Font Info:    External font `lmex10' loaded for size
(Font)              <6> on input line 2.
LaTeX Font Info:    Trying to load font information for U+msa on input line 2.
(/Users/alistairgj/Library/TinyTeX/texmf-dist/tex/latex/amsfonts/umsa.fd
File: umsa.fd 2013/01/14 v3.01 AMS symbols A
)
LaTeX Font Info:    Trying to load font information for U+msb on input line 2.
(/Users/alistairgj/Library/TinyTeX/texmf-dist/tex/latex/amsfonts/umsb.fd
File: umsb.fd 2013/01/14 v3.01 AMS symbols B
))
\tf@toc=\write5
\openout5 = `MD_Final.toc'.

[2]
<"/Users/alistairgj/Documents/GitHub/IoT_ResearchProject/IoT_November/images/""
satelliteImages".png, id=144, 753.0534pt x 326.4195pt>
File: "/Users/alistairgj/Documents/GitHub/IoT_ResearchProject/IoT_November/imag
es/""satelliteImages".png Graphic file (type png)
<use "/Users/alistairgj/Documents/GitHub/IoT_ResearchProject/IoT_November/image
s/""satelliteImages".png>
Package pdftex.def Info: "/Users/alistairgj/Documents/GitHub/IoT_ResearchProjec
t/IoT_November/images/""satelliteImages".png  used on input line 183.
(pdftex.def)             Requested size: 300.06696pt x 130.0674pt.
<"MD_Final_files/figure-latex/""globalPovertyPlot-1".pdf, id=145, 420.57124pt x
 241.90375pt>
File: "MD_Final_files/figure-latex/""globalPovertyPlot-1".pdf Graphic file (typ
e pdf)
<use "MD_Final_files/figure-latex/""globalPovertyPlot-1".pdf>
Package pdftex.def Info: "MD_Final_files/figure-latex/""globalPovertyPlot-1".pd
f  used on input line 192.
(pdftex.def)             Requested size: 420.57663pt x 241.90683pt.
[3 </Users/alistairgj/Documents/GitHub/IoT_ResearchProject/IoT_November/images/
satelliteImages.png (PNG copy)> <./MD_Final_files/figure-latex/globalPovertyPlo
t-1.pdf>]
<"MD_Final_files/figure-latex/""internetAccessPlot-1".pdf, id=169, 247.92625pt 
x 205.76875pt>
File: "MD_Final_files/figure-latex/""internetAccessPlot-1".pdf Graphic file (ty
pe pdf)
<use "MD_Final_files/figure-latex/""internetAccessPlot-1".pdf>
Package pdftex.def Info: "MD_Final_files/figure-latex/""internetAccessPlot-1".p
df  used on input line 227.
(pdftex.def)             Requested size: 247.92564pt x 205.76823pt.
[4 <./MD_Final_files/figure-latex/internetAccessPlot-1.pdf>]
<"MD_Final_files/figure-latex/""populationGrowthPlot-1".pdf, id=191, 318.18875p
t x 205.76875pt>
File: "MD_Final_files/figure-latex/""populationGrowthPlot-1".pdf Graphic file (
type pdf)
<use "MD_Final_files/figure-latex/""populationGrowthPlot-1".pdf>
Package pdftex.def Info: "MD_Final_files/figure-latex/""populationGrowthPlot-1"
.pdf  used on input line 281.
(pdftex.def)             Requested size: 318.18796pt x 205.76823pt.
<"MD_Final_files/figure-latex/""globalEnergyPlot-1".pdf, id=193, 316.18124pt x 
205.76875pt>
File: "MD_Final_files/figure-latex/""globalEnergyPlot-1".pdf Graphic file (type
 pdf)
<use "MD_Final_files/figure-latex/""globalEnergyPlot-1".pdf>
Package pdftex.def Info: "MD_Final_files/figure-latex/""globalEnergyPlot-1".pdf
  used on input line 297.
(pdftex.def)             Requested size: 316.18047pt x 205.76823pt.
[5 <./MD_Final_files/figure-latex/populationGrowthPlot-1.pdf>]
LaTeX Font Info:    Trying to load font information for TS1+lmr on input line 3
05.
(/Users/alistairgj/Library/TinyTeX/texmf-dist/tex/latex/lm/ts1lmr.fd
File: ts1lmr.fd 2009/10/30 v1.6 Font defs for Latin Modern
)
<"/Users/alistairgj/Documents/GitHub/IoT_ResearchProject/IoT_November/images/""
warmingTrend".png, id=211, 1196.47pt x 625.33624pt>
File: "/Users/alistairgj/Documents/GitHub/IoT_ResearchProject/IoT_November/imag
es/""warmingTrend".png Graphic file (type png)
<use "/Users/alistairgj/Documents/GitHub/IoT_ResearchProject/IoT_November/image
s/""warmingTrend".png>
Package pdftex.def Info: "/Users/alistairgj/Documents/GitHub/IoT_ResearchProjec
t/IoT_November/images/""warmingTrend".png  used on input line 326.
(pdftex.def)             Requested size: 400.09424pt x 209.10965pt.
[6 <./MD_Final_files/figure-latex/globalEnergyPlot-1.pdf> </Users/alistairgj/Do
cuments/GitHub/IoT_ResearchProject/IoT_November/images/warmingTrend.png>]

Package xcolor Warning: Incompatible color definition on input line 344.

LaTeX Font Info:    Trying to load font information for T1+lmtt on input line 3
45.
(/Users/alistairgj/Library/TinyTeX/texmf-dist/tex/latex/lm/t1lmtt.fd
File: t1lmtt.fd 2009/10/30 v1.6 Font defs for Latin Modern
)
LaTeX Font Info:    Font shape `T1/lmtt/bx/n' in size <10.95> not available
(Font)              Font shape `T1/lmtt/b/n' tried instead on input line 346.
LaTeX Font Info:    Trying to load font information for TS1+lmtt on input line 
347.
(/Users/alistairgj/Library/TinyTeX/texmf-dist/tex/latex/lm/ts1lmtt.fd
File: ts1lmtt.fd 2009/10/30 v1.6 Font defs for Latin Modern
)

Package xcolor Warning: Incompatible color definition on input line 350.


Package xcolor Warning: Incompatible color definition on input line 350.

<"MD_Final_files/figure-latex/""sectorEnergyPlot-1".pdf, id=231, 316.18124pt x 
205.76875pt>
File: "MD_Final_files/figure-latex/""sectorEnergyPlot-1".pdf Graphic file (type
 pdf)
<use "MD_Final_files/figure-latex/""sectorEnergyPlot-1".pdf>
Package pdftex.def Info: "MD_Final_files/figure-latex/""sectorEnergyPlot-1".pdf
  used on input line 354.
(pdftex.def)             Requested size: 316.18047pt x 205.76823pt.
[7 <./MD_Final_files/figure-latex/sectorEnergyPlot-1.pdf>] [8] [9]
<"/Users/alistairgj/Documents/GitHub/IoT_ResearchProject/IoT_November/images/""
dash1234".png, id=270, 1789.68625pt x 464.73625pt>
File: "/Users/alistairgj/Documents/GitHub/IoT_ResearchProject/IoT_November/imag
es/""dash1234".png Graphic file (type png)
<use "/Users/alistairgj/Documents/GitHub/IoT_ResearchProject/IoT_November/image
s/""dash1234".png>
Package pdftex.def Info: "/Users/alistairgj/Documents/GitHub/IoT_ResearchProjec
t/IoT_November/images/""dash1234".png  used on input line 539.
(pdftex.def)             Requested size: 500.09833pt x 129.86288pt.
<"/Users/alistairgj/Documents/GitHub/IoT_ResearchProject/IoT_November/images/""
dash5678".png, id=271, 1730.465pt x 452.69125pt>
File: "/Users/alistairgj/Documents/GitHub/IoT_ResearchProject/IoT_November/imag
es/""dash5678".png Graphic file (type png)
<use "/Users/alistairgj/Documents/GitHub/IoT_ResearchProject/IoT_November/image
s/""dash5678".png>
Package pdftex.def Info: "/Users/alistairgj/Documents/GitHub/IoT_ResearchProjec
t/IoT_November/images/""dash5678".png  used on input line 548.
(pdftex.def)             Requested size: 500.1057pt x 130.82811pt.
[10 </Users/alistairgj/Documents/GitHub/IoT_ResearchProject/IoT_November/images
/dash1234.png>]
<"/Users/alistairgj/Documents/GitHub/IoT_ResearchProject/IoT_November/images/""
kobusDash".png, id=278, 1347.0325pt x 503.8825pt>
File: "/Users/alistairgj/Documents/GitHub/IoT_ResearchProject/IoT_November/imag
es/""kobusDash".png Graphic file (type png)
<use "/Users/alistairgj/Documents/GitHub/IoT_ResearchProject/IoT_November/image
s/""kobusDash".png>
Package pdftex.def Info: "/Users/alistairgj/Documents/GitHub/IoT_ResearchProjec
t/IoT_November/images/""kobusDash".png  used on input line 590.
(pdftex.def)             Requested size: 300.06834pt x 112.24612pt.
[11 </Users/alistairgj/Documents/GitHub/IoT_ResearchProject/IoT_November/images
/dash5678.png> </Users/alistairgj/Documents/GitHub/IoT_ResearchProject/IoT_Nove
mber/images/kobusDash.png>]
<"/Users/alistairgj/Documents/GitHub/IoT_ResearchProject/IoT_November/images/""
cetinResults".png, id=288, 1134.2375pt x 925.4575pt>
File: "/Users/alistairgj/Documents/GitHub/IoT_ResearchProject/IoT_November/imag
es/""cetinResults".png Graphic file (type png)
<use "/Users/alistairgj/Documents/GitHub/IoT_ResearchProject/IoT_November/image
s/""cetinResults".png>
Package pdftex.def Info: "/Users/alistairgj/Documents/GitHub/IoT_ResearchProjec
t/IoT_November/images/""cetinResults".png  used on input line 629.
(pdftex.def)             Requested size: 325.06097pt x 265.22675pt.
[12 </Users/alistairgj/Documents/GitHub/IoT_ResearchProject/IoT_November/images
/cetinResults.png>] [13]
<"/Users/alistairgj/Documents/GitHub/IoT_ResearchProject/IoT_November/images/""
basuTree".png, id=303, 1089.06876pt x 641.39626pt>
File: "/Users/alistairgj/Documents/GitHub/IoT_ResearchProject/IoT_November/imag
es/""basuTree".png Graphic file (type png)
<use "/Users/alistairgj/Documents/GitHub/IoT_ResearchProject/IoT_November/image
s/""basuTree".png>
Package pdftex.def Info: "/Users/alistairgj/Documents/GitHub/IoT_ResearchProjec
t/IoT_November/images/""basuTree".png  used on input line 749.
(pdftex.def)             Requested size: 400.07425pt x 235.61977pt.
[14 </Users/alistairgj/Documents/GitHub/IoT_ResearchProject/IoT_November/images
/basuTree.png>] [15]
<"/Users/alistairgj/Documents/GitHub/IoT_ResearchProject/IoT_November/images/""
oldNewParadigm".png, id=316, 309.0747pt x 146.949pt>
File: "/Users/alistairgj/Documents/GitHub/IoT_ResearchProject/IoT_November/imag
es/""oldNewParadigm".png Graphic file (type png)
<use "/Users/alistairgj/Documents/GitHub/IoT_ResearchProject/IoT_November/image
s/""oldNewParadigm".png>
Package pdftex.def Info: "/Users/alistairgj/Documents/GitHub/IoT_ResearchProjec
t/IoT_November/images/""oldNewParadigm".png  used on input line 880.
(pdftex.def)             Requested size: 309.0928pt x 146.9576pt.
<"/Users/alistairgj/Documents/GitHub/IoT_ResearchProject/IoT_November/images/""
huangA".png, id=317, 1046.91125pt x 524.96124pt>
File: "/Users/alistairgj/Documents/GitHub/IoT_ResearchProject/IoT_November/imag
es/""huangA".png Graphic file (type png)
<use "/Users/alistairgj/Documents/GitHub/IoT_ResearchProject/IoT_November/image
s/""huangA".png>
Package pdftex.def Info: "/Users/alistairgj/Documents/GitHub/IoT_ResearchProjec
t/IoT_November/images/""huangA".png  used on input line 901.
(pdftex.def)             Requested size: 250.04976pt x 125.38449pt.
[16 </Users/alistairgj/Documents/GitHub/IoT_ResearchProject/IoT_November/images
/oldNewParadigm.png> </Users/alistairgj/Documents/GitHub/IoT_ResearchProject/Io
T_November/images/huangA.png>]
<"/Users/alistairgj/Documents/GitHub/IoT_ResearchProject/IoT_November/images/""
huangC".png, id=327, 1288.815pt x 558.085pt>
File: "/Users/alistairgj/Documents/GitHub/IoT_ResearchProject/IoT_November/imag
es/""huangC".png Graphic file (type png)
<use "/Users/alistairgj/Documents/GitHub/IoT_ResearchProject/IoT_November/image
s/""huangC".png>
Package pdftex.def Info: "/Users/alistairgj/Documents/GitHub/IoT_ResearchProjec
t/IoT_November/images/""huangC".png  used on input line 935.
(pdftex.def)             Requested size: 250.04947pt x 108.27687pt.
[17 </Users/alistairgj/Documents/GitHub/IoT_ResearchProject/IoT_November/images
/huangC.png>] [18]

LaTeX Warning: Reference `tab:S1ActivitiesData' on page 19 undefined on input l
ine 1081.

LaTeX Font Info:    External font `lmex10' loaded for size
(Font)              <5> on input line 1093.
[19]
Underfull \hbox (badness 10000) in paragraph at lines 1248--1253
\TS1/lmtt/m/n/10.95 '\T1/lmtt/m/n/10.95 ligh|burn|mach|toas|freez|dvd|lamp|wash
er|dry|exh|disp|frig|oven|hot|shower|micro\TS1/lmtt/m/n/10.95 ' \T1/lmr/m/n/10.
95 to
 []


LaTeX Warning: `!h' float specifier changed to `!ht'.


Package xcolor Warning: Incompatible color definition on input line 1273.

[20]

Package xcolor Warning: Incompatible color definition on input line 1282.


Package xcolor Warning: Incompatible color definition on input line 1282.

<"/Users/alistairgj/Documents/GitHub/IoT_ResearchProject/IoT_November/images/""
subAct60".png, id=361, 767.9892pt x 127.9179pt>
File: "/Users/alistairgj/Documents/GitHub/IoT_ResearchProject/IoT_November/imag
es/""subAct60".png Graphic file (type png)
<use "/Users/alistairgj/Documents/GitHub/IoT_ResearchProject/IoT_November/image
s/""subAct60".png>
Package pdftex.def Info: "/Users/alistairgj/Documents/GitHub/IoT_ResearchProjec
t/IoT_November/images/""subAct60".png  used on input line 1303.
(pdftex.def)             Requested size: 500.11282pt x 83.29984pt.
File: "/Users/alistairgj/Documents/GitHub/IoT_ResearchProject/IoT_November/imag
es/""subAct60".png Graphic file (type png)
<use "/Users/alistairgj/Documents/GitHub/IoT_ResearchProject/IoT_November/image
s/""subAct60".png>
Package pdftex.def Info: "/Users/alistairgj/Documents/GitHub/IoT_ResearchProjec
t/IoT_November/images/""subAct60".png  used on input line 1307.
(pdftex.def)             Requested size: 500.11282pt x 83.29984pt.

Package xcolor Warning: Incompatible color definition on input line 1310.


Package xcolor Warning: Incompatible color definition on input line 1314.


Package xcolor Warning: Incompatible color definition on input line 1314.

<"/Users/alistairgj/Documents/GitHub/IoT_ResearchProject/IoT_November/images/""
iosMockUps".png, id=363, 437.2335pt x 285.7074pt>
File: "/Users/alistairgj/Documents/GitHub/IoT_ResearchProject/IoT_November/imag
es/""iosMockUps".png Graphic file (type png)
<use "/Users/alistairgj/Documents/GitHub/IoT_ResearchProject/IoT_November/image
s/""iosMockUps".png>
Package pdftex.def Info: "/Users/alistairgj/Documents/GitHub/IoT_ResearchProjec
t/IoT_November/images/""iosMockUps".png  used on input line 1320.
(pdftex.def)             Requested size: 250.05963pt x 163.39984pt.
[21 </Users/alistairgj/Documents/GitHub/IoT_ResearchProject/IoT_November/images
/subAct60.png (PNG copy)>]
<"MD_Final_files/figure-latex/""fig1-1".pdf, id=373, 434.62375pt x 250.9375pt>
File: "MD_Final_files/figure-latex/""fig1-1".pdf Graphic file (type pdf)
<use "MD_Final_files/figure-latex/""fig1-1".pdf>
Package pdftex.def Info: "MD_Final_files/figure-latex/""fig1-1".pdf  used on in
put line 1329.
(pdftex.def)             Requested size: 434.64256pt x 250.94835pt.
Package atveryend Info: Empty hook `BeforeClearDocument' on input line 1337.
[22 </Users/alistairgj/Documents/GitHub/IoT_ResearchProject/IoT_November/images
/iosMockUps.png> <./MD_Final_files/figure-latex/fig1-1.pdf>]
Package atveryend Info: Empty hook `AfterLastShipout' on input line 1337.
(./MD_Final.aux)
Package atveryend Info: Executing hook `AtVeryEndDocument' on input line 1337.
Package atveryend Info: Executing hook `AtEndAfterFileList' on input line 1337.

Package rerunfilecheck Info: File `MD_Final.out' has not changed.
(rerunfilecheck)             Checksum: CDBB014B6A6D13251660BA9ACF297FB1;5338.

LaTeX Warning: There were undefined references.

Package atveryend Info: Empty hook `AtVeryVeryEnd' on input line 1337.
 ) 
Here is how much of TeX's memory you used:
 14413 strings out of 494111
 217803 string characters out of 6170577
 291783 words of memory out of 5000000
 18137 multiletter control sequences out of 15000+600000
 61290 words of font info for 55 fonts, out of 8000000 for 9000
 14 hyphenation exceptions out of 8191
 46i,9n,42p,514b,428s stack positions out of 5000i,500n,10000p,200000b,80000s
{/Users/alistairgj/Library/TinyTeX/texmf-dist/fonts/enc/dvips/lm/lm-ts1.enc}{
/Users/alistairgj/Library/TinyTeX/texmf-dist/fonts/enc/dvips/lm/lm-ec.enc}</Use
rs/alistairgj/Library/TinyTeX/texmf-dist/fonts/type1/public/lm/lmbx10.pfb></Use
rs/alistairgj/Library/TinyTeX/texmf-dist/fonts/type1/public/lm/lmbx12.pfb></Use
rs/alistairgj/Library/TinyTeX/texmf-dist/fonts/type1/public/lm/lmr10.pfb></User
s/alistairgj/Library/TinyTeX/texmf-dist/fonts/type1/public/lm/lmr17.pfb></Users
/alistairgj/Library/TinyTeX/texmf-dist/fonts/type1/public/lm/lmr8.pfb></Users/a
listairgj/Library/TinyTeX/texmf-dist/fonts/type1/public/lm/lmri10.pfb></Users/a
listairgj/Library/TinyTeX/texmf-dist/fonts/type1/public/lm/lmri12.pfb></Users/a
listairgj/Library/TinyTeX/texmf-dist/fonts/type1/public/lm/lmtk10.pfb></Users/a
listairgj/Library/TinyTeX/texmf-dist/fonts/type1/public/lm/lmtt10.pfb>
Output written on MD_Final.pdf (22 pages, 3173000 bytes).
PDF statistics:
 448 PDF objects out of 1000 (max. 8388607)
 371 compressed objects within 4 object streams
 103 named destinations out of 1000 (max. 500000)
 291 words of extra memory for PDF output out of 10000 (max. 10000000)

